Performing C++ SOURCE FILE Test CMAKE_HAVE_LIBC_PTHREAD failed with the following output:
Change Dir: C:/Users/amari/OneDrive - Mittuniversitetet/2022-2023/2022-11/DT079G/Project/ForrestJumpV0.1/build-ForrestJumpV01-Desktop_Qt_6_4_1_MSVC2019_64bit-Debug/CMakeFiles/CMakeTmp

Run Build Command(s):C:/PROGRA~1/MIB055~1/2022/ENTERP~1/Common7/IDE/COMMON~1/MICROS~1/CMake/Ninja/ninja.exe cmTC_6b64e && [1/2] Building CXX object CMakeFiles\cmTC_6b64e.dir\src.cxx.obj
FAILED: CMakeFiles/cmTC_6b64e.dir/src.cxx.obj 
C:\PROGRA~1\MIB055~1\2022\ENTERP~1\VC\Tools\MSVC\1434~1.319\bin\HostX64\x64\cl.exe  /nologo /TP -DCMAKE_HAVE_LIBC_PTHREAD  -DQT_QML_DEBUG /DWIN32 /D_WINDOWS /W3 /GR /EHsc  /MDd /Zi /Ob0 /Od /RTC1 -std:c++17 /showIncludes /FoCMakeFiles\cmTC_6b64e.dir\src.cxx.obj /FdCMakeFiles\cmTC_6b64e.dir\ /FS -c "C:\Users\amari\OneDrive - Mittuniversitetet\2022-2023\2022-11\DT079G\Project\ForrestJumpV0.1\build-ForrestJumpV01-Desktop_Qt_6_4_1_MSVC2019_64bit-Debug\CMakeFiles\CMakeTmp\src.cxx"
C:\Users\amari\OneDrive - Mittuniversitetet\2022-2023\2022-11\DT079G\Project\ForrestJumpV0.1\build-ForrestJumpV01-Desktop_Qt_6_4_1_MSVC2019_64bit-Debug\CMakeFiles\CMakeTmp\src.cxx(1): fatal error C1083: Cannot open include file: 'pthread.h': No such file or directory
ninja: build stopped: subcommand failed.


Source file was:
#include <pthread.h>

static void* test_func(void* data)
{
  return data;
}

int main(void)
{
  pthread_t thread;
  pthread_create(&thread, NULL, test_func, NULL);
  pthread_detach(thread);
  pthread_cancel(thread);
  pthread_join(thread, NULL);
  pthread_atfork(NULL, NULL, NULL);
  pthread_exit(NULL);

  return 0;
}

Determining if the function pthread_create exists in the pthreads failed with the following output:
Change Dir: C:/Users/amari/OneDrive - Mittuniversitetet/2022-2023/2022-11/DT079G/Project/ForrestJumpV0.1/build-ForrestJumpV01-Desktop_Qt_6_4_1_MSVC2019_64bit-Debug/CMakeFiles/CMakeTmp

Run Build Command(s):C:/PROGRA~1/MIB055~1/2022/ENTERP~1/Common7/IDE/COMMON~1/MICROS~1/CMake/Ninja/ninja.exe cmTC_ffd6e && [1/2] Building CXX object CMakeFiles\cmTC_ffd6e.dir\CheckFunctionExists.cxx.obj
[2/2] Linking CXX executable cmTC_ffd6e.exe
FAILED: cmTC_ffd6e.exe 
cmd.exe /C "cd . && C:\Qt\Tools\CMake_64\bin\cmake.exe -E vs_link_exe --intdir=CMakeFiles\cmTC_ffd6e.dir --rc=C:\PROGRA~2\WI3CF2~1\10\bin\100190~1.0\x64\rc.exe --mt=C:\PROGRA~2\WI3CF2~1\10\bin\100190~1.0\x64\mt.exe --manifests  -- C:\PROGRA~1\MIB055~1\2022\ENTERP~1\VC\Tools\MSVC\1434~1.319\bin\Hostx64\x64\link.exe /nologo CMakeFiles\cmTC_ffd6e.dir\CheckFunctionExists.cxx.obj  /out:cmTC_ffd6e.exe /implib:cmTC_ffd6e.lib /pdb:cmTC_ffd6e.pdb /version:0.0 /machine:x64  /debug /INCREMENTAL /subsystem:console  pthreads.lib  kernel32.lib user32.lib gdi32.lib winspool.lib shell32.lib ole32.lib oleaut32.lib uuid.lib comdlg32.lib advapi32.lib && cd ."
LINK Pass 1: command "C:\PROGRA~1\MIB055~1\2022\ENTERP~1\VC\Tools\MSVC\1434~1.319\bin\Hostx64\x64\link.exe /nologo CMakeFiles\cmTC_ffd6e.dir\CheckFunctionExists.cxx.obj /out:cmTC_ffd6e.exe /implib:cmTC_ffd6e.lib /pdb:cmTC_ffd6e.pdb /version:0.0 /machine:x64 /debug /INCREMENTAL /subsystem:console pthreads.lib kernel32.lib user32.lib gdi32.lib winspool.lib shell32.lib ole32.lib oleaut32.lib uuid.lib comdlg32.lib advapi32.lib /MANIFEST /MANIFESTFILE:CMakeFiles\cmTC_ffd6e.dir/intermediate.manifest CMakeFiles\cmTC_ffd6e.dir/manifest.res" failed (exit code 1104) with the following output:
LINK : fatal error LNK1104: cannot open file 'pthreads.lib'
ninja: build stopped: subcommand failed.



Determining if the function pthread_create exists in the pthread failed with the following output:
Change Dir: C:/Users/amari/OneDrive - Mittuniversitetet/2022-2023/2022-11/DT079G/Project/ForrestJumpV0.1/build-ForrestJumpV01-Desktop_Qt_6_4_1_MSVC2019_64bit-Debug/CMakeFiles/CMakeTmp

Run Build Command(s):C:/PROGRA~1/MIB055~1/2022/ENTERP~1/Common7/IDE/COMMON~1/MICROS~1/CMake/Ninja/ninja.exe cmTC_4c4da && [1/2] Building CXX object CMakeFiles\cmTC_4c4da.dir\CheckFunctionExists.cxx.obj
[2/2] Linking CXX executable cmTC_4c4da.exe
FAILED: cmTC_4c4da.exe 
cmd.exe /C "cd . && C:\Qt\Tools\CMake_64\bin\cmake.exe -E vs_link_exe --intdir=CMakeFiles\cmTC_4c4da.dir --rc=C:\PROGRA~2\WI3CF2~1\10\bin\100190~1.0\x64\rc.exe --mt=C:\PROGRA~2\WI3CF2~1\10\bin\100190~1.0\x64\mt.exe --manifests  -- C:\PROGRA~1\MIB055~1\2022\ENTERP~1\VC\Tools\MSVC\1434~1.319\bin\Hostx64\x64\link.exe /nologo CMakeFiles\cmTC_4c4da.dir\CheckFunctionExists.cxx.obj  /out:cmTC_4c4da.exe /implib:cmTC_4c4da.lib /pdb:cmTC_4c4da.pdb /version:0.0 /machine:x64  /debug /INCREMENTAL /subsystem:console  pthread.lib  kernel32.lib user32.lib gdi32.lib winspool.lib shell32.lib ole32.lib oleaut32.lib uuid.lib comdlg32.lib advapi32.lib && cd ."
LINK Pass 1: command "C:\PROGRA~1\MIB055~1\2022\ENTERP~1\VC\Tools\MSVC\1434~1.319\bin\Hostx64\x64\link.exe /nologo CMakeFiles\cmTC_4c4da.dir\CheckFunctionExists.cxx.obj /out:cmTC_4c4da.exe /implib:cmTC_4c4da.lib /pdb:cmTC_4c4da.pdb /version:0.0 /machine:x64 /debug /INCREMENTAL /subsystem:console pthread.lib kernel32.lib user32.lib gdi32.lib winspool.lib shell32.lib ole32.lib oleaut32.lib uuid.lib comdlg32.lib advapi32.lib /MANIFEST /MANIFESTFILE:CMakeFiles\cmTC_4c4da.dir/intermediate.manifest CMakeFiles\cmTC_4c4da.dir/manifest.res" failed (exit code 1104) with the following output:
LINK : fatal error LNK1104: cannot open file 'pthread.lib'
ninja: build stopped: subcommand failed.



